<?xml version="1.0" encoding="UTF-8"?>
<testsuite name="JavaFxTest" tests="3" skipped="0" failures="0" errors="0" timestamp="2026-04-14T13:29:05.866Z" hostname="BATTLESTATIONC1" time="8.039">
  <properties/>
  <testcase name="loginPopup(FxRobot)" classname="JavaFxTest" time="2.167"/>
  <testcase name="mainScene(FxRobot)" classname="JavaFxTest" time="0.565"/>
  <testcase name="loginButtonCloses(FxRobot)" classname="JavaFxTest" time="5.303"/>
  <system-out><![CDATA[]]></system-out>
  <system-err><![CDATA[Apr 14, 2026 6:29:05 AM com.sun.javafx.application.PlatformImpl startup
WARNING: Unsupported JavaFX configuration: classes were loaded from 'unnamed module @50caa560'
]]></system-err>
</testsuite>
